[2022-05-19 12:44:23 : INFO] - Re_Smush_It_Task server status: Online 
[2022-05-19 12:44:23 : INFO] - 
 
[2022-05-19 12:44:23 : INFO] - Header for logs at time:  Thu, 19 May 2022 12:44:23 +0000 on http://topforum.loc 
[2022-05-19 12:44:23 : INFO] - WP: 5.9.3 
[2022-05-19 12:44:23 : INFO] - PHP: 7.4.3 (apache2handler, Linux brassy-Legion-5-17ACH6 5.13.0-41-generic #46~20.04.1-Ubuntu SMP Wed Apr 20 13:16:21 UTC 2022 x86_64) 
[2022-05-19 12:44:23 : INFO] - MySQL: 8.0.29 
[2022-05-19 12:44:23 : INFO] - WPLANG: en_US 
[2022-05-19 12:44:23 : INFO] - Server: Apache/2.4.41 (Ubuntu) 
[2022-05-19 12:44:23 : INFO] - Outbound connections: N 
[2022-05-19 12:44:23 : INFO] - safe_mode: 0 
[2022-05-19 12:44:23 : INFO] - max_execution_time: 30 
[2022-05-19 12:44:23 : INFO] - memory_limit: 128M (used: 6.4M | 2M) 
[2022-05-19 12:44:23 : INFO] - multisite: N 
[2022-05-19 12:44:23 : INFO] - openssl: OpenSSL 1.1.1f  31 Mar 2020 
[2022-05-19 12:44:26 : INFO] - A total of 33 tasks of type smush found and will be processed in this iteration 
[2022-05-19 12:44:26 : DEBUG] - Lock option (updraft_lock_smush, wp_options) was created in the database 
[2022-05-19 12:44:26 : INFO] - Lock (updraft_lock_smush, wp_options) acquired after initialising the database 
[2022-05-19 12:44:26 : INFO] - Processing task with ID : 1, and type 'smush' 
[2022-05-19 12:44:26 : INFO] - Re_Smush_It_Task - Attachment ID : 10, Started on : May 19, 2022 12:44:23 
[2022-05-19 12:44:26 : INFO] - 75 
[2022-05-19 12:44:28 : INFO] - Backing up the original image - 2022/05/logo-updraft-pre-smush-original.png 
[2022-05-19 12:44:28 : INFO] - Re_Smush_It_Task - Attachment ID : 10, Started on : May 19, 2022 12:44:23 
[2022-05-19 12:44:28 : INFO] - 75 
[2022-05-19 12:44:29 : INFO] - Successfully optimized the image - /var/www/topforum/wp-content/uploads/2022/05/logo.png.The file was compressed from 4.56 KB to 3.24 KB saving 28.9 percent using WP-Optimize 
[2022-05-19 12:44:29 : INFO] - Completed processing task with ID : 1, and type 'smush' 
[2022-05-19 12:44:29 : INFO] - Processing task with ID : 2, and type 'smush' 
[2022-05-19 12:44:29 : INFO] - Re_Smush_It_Task - Attachment ID : 56, Started on : May 19, 2022 12:44:23 
[2022-05-19 12:44:29 : INFO] - 75 
[2022-05-19 12:44:29 : INFO] - Backing up the original image - 2022/05/user_photo-updraft-pre-smush-original.png 
[2022-05-19 12:44:29 : INFO] - Successfully optimized the image - /var/www/topforum/wp-content/uploads/2022/05/user_photo.png.The file was compressed from 25.61 KB to 8.52 KB saving 66.71 percent using WP-Optimize 
[2022-05-19 12:44:29 : INFO] - Completed processing task with ID : 2, and type 'smush' 
[2022-05-19 12:44:29 : INFO] - Processing task with ID : 3, and type 'smush' 
[2022-05-19 12:44:29 : INFO] - Re_Smush_It_Task - Attachment ID : 61, Started on : May 19, 2022 12:44:23 
[2022-05-19 12:44:29 : INFO] - 75 
[2022-05-19 12:44:30 : INFO] - Backing up the original image - 2022/05/ryan-updraft-pre-smush-original.png 
[2022-05-19 12:44:30 : INFO] - Successfully optimized the image - /var/www/topforum/wp-content/uploads/2022/05/ryan.png.The file was compressed from 28.50 KB to 10.04 KB saving 64.79 percent using WP-Optimize 
[2022-05-19 12:44:30 : INFO] - Completed processing task with ID : 3, and type 'smush' 
[2022-05-19 12:44:30 : INFO] - Processing task with ID : 4, and type 'smush' 
[2022-05-19 12:44:30 : INFO] - Re_Smush_It_Task - Attachment ID : 65, Started on : May 19, 2022 12:44:24 
[2022-05-19 12:44:30 : INFO] - 75 
[2022-05-19 12:44:32 : INFO] - Backing up the original image - 2022/05/olivia-updraft-pre-smush-original.png 
[2022-05-19 12:44:32 : INFO] - Successfully optimized the image - /var/www/topforum/wp-content/uploads/2022/05/olivia.png.The file was compressed from 29.88 KB to 10.89 KB saving 63.55 percent using WP-Optimize 
[2022-05-19 12:44:32 : INFO] - Completed processing task with ID : 4, and type 'smush' 
[2022-05-19 12:44:32 : INFO] - Processing task with ID : 5, and type 'smush' 
[2022-05-19 12:44:32 : INFO] - Re_Smush_It_Task - Attachment ID : 82, Started on : May 19, 2022 12:44:24 
[2022-05-19 12:44:32 : INFO] - 75 
[2022-05-19 12:44:34 : INFO] - Backing up the original image - 2022/05/lacoste_logo-updraft-pre-smush-original.png 
[2022-05-19 12:44:34 : INFO] - Successfully optimized the image - /var/www/topforum/wp-content/uploads/2022/05/lacoste_logo.png.The file was compressed from 8.65 KB to 3.77 KB saving 56.4 percent using WP-Optimize 
[2022-05-19 12:44:34 : INFO] - Completed processing task with ID : 5, and type 'smush' 
[2022-05-19 12:44:34 : INFO] - Processing task with ID : 6, and type 'smush' 
[2022-05-19 12:44:34 : INFO] - Re_Smush_It_Task - Attachment ID : 83, Started on : May 19, 2022 12:44:24 
[2022-05-19 12:44:34 : INFO] - 75 
[2022-05-19 12:44:34 : INFO] - Backing up the original image - 2022/05/client_1-updraft-pre-smush-original.png 
[2022-05-19 12:44:34 : INFO] - Successfully optimized the image - /var/www/topforum/wp-content/uploads/2022/05/client_1.png.The file was compressed from 11.00 KB to 5.08 KB saving 53.83 percent using WP-Optimize 
[2022-05-19 12:44:34 : INFO] - Completed processing task with ID : 6, and type 'smush' 
[2022-05-19 12:44:34 : INFO] - Processing task with ID : 7, and type 'smush' 
[2022-05-19 12:44:34 : INFO] - Re_Smush_It_Task - Attachment ID : 84, Started on : May 19, 2022 12:44:24 
[2022-05-19 12:44:34 : INFO] - 75 
[2022-05-19 12:44:36 : INFO] - Backing up the original image - 2022/05/client_2-updraft-pre-smush-original.png 
[2022-05-19 12:44:36 : INFO] - Successfully optimized the image - /var/www/topforum/wp-content/uploads/2022/05/client_2.png.The file was compressed from 5.41 KB to 2.90 KB saving 46.34 percent using WP-Optimize 
[2022-05-19 12:44:36 : INFO] - Completed processing task with ID : 7, and type 'smush' 
[2022-05-19 12:44:36 : INFO] - Processing task with ID : 8, and type 'smush' 
[2022-05-19 12:44:37 : INFO] - Re_Smush_It_Task - Attachment ID : 85, Started on : May 19, 2022 12:44:24 
[2022-05-19 12:44:37 : INFO] - 75 
[2022-05-19 12:44:39 : INFO] - Backing up the original image - 2022/05/client_3-updraft-pre-smush-original.png 
[2022-05-19 12:44:39 : INFO] - Successfully optimized the image - /var/www/topforum/wp-content/uploads/2022/05/client_3.png.The file was compressed from 6.91 KB to 3.20 KB saving 53.66 percent using WP-Optimize 
[2022-05-19 12:44:39 : INFO] - Completed processing task with ID : 8, and type 'smush' 
[2022-05-19 12:44:39 : INFO] - Processing task with ID : 9, and type 'smush' 
[2022-05-19 12:44:39 : INFO] - Re_Smush_It_Task - Attachment ID : 86, Started on : May 19, 2022 12:44:24 
[2022-05-19 12:44:39 : INFO] - 75 
[2022-05-19 12:44:41 : INFO] - Backing up the original image - 2022/05/client_4-updraft-pre-smush-original.png 
[2022-05-19 12:44:41 : INFO] - Re_Smush_It_Task - Attachment ID : 86, Started on : May 19, 2022 12:44:24 
[2022-05-19 12:44:41 : INFO] - 75 
[2022-05-19 12:44:42 : INFO] - Successfully optimized the image - /var/www/topforum/wp-content/uploads/2022/05/client_4.png.The file was compressed from 14.12 KB to 6.13 KB saving 56.59 percent using WP-Optimize 
[2022-05-19 12:44:42 : INFO] - Completed processing task with ID : 9, and type 'smush' 
[2022-05-19 12:44:42 : INFO] - Processing task with ID : 10, and type 'smush' 
[2022-05-19 12:44:42 : INFO] - Re_Smush_It_Task - Attachment ID : 87, Started on : May 19, 2022 12:44:24 
[2022-05-19 12:44:42 : INFO] - 75 
[2022-05-19 12:44:42 : INFO] - Backing up the original image - 2022/05/client_5-updraft-pre-smush-original.png 
[2022-05-19 12:44:42 : INFO] - Successfully optimized the image - /var/www/topforum/wp-content/uploads/2022/05/client_5.png.The file was compressed from 9.24 KB to 4.84 KB saving 47.67 percent using WP-Optimize 
[2022-05-19 12:44:42 : INFO] - Completed processing task with ID : 10, and type 'smush' 
[2022-05-19 12:44:42 : INFO] - Processing task with ID : 11, and type 'smush' 
[2022-05-19 12:44:42 : INFO] - Re_Smush_It_Task - Attachment ID : 88, Started on : May 19, 2022 12:44:24 
[2022-05-19 12:44:42 : INFO] - 75 
[2022-05-19 12:44:43 : INFO] - Backing up the original image - 2022/05/client_6-updraft-pre-smush-original.png 
[2022-05-19 12:44:43 : INFO] - Successfully optimized the image - /var/www/topforum/wp-content/uploads/2022/05/client_6.png.The file was compressed from 14.29 KB to 6.90 KB saving 51.7 percent using WP-Optimize 
[2022-05-19 12:44:43 : INFO] - Completed processing task with ID : 11, and type 'smush' 
[2022-05-19 12:44:43 : INFO] - Processing task with ID : 12, and type 'smush' 
[2022-05-19 12:44:43 : INFO] - Task with ID 12 and type (smush) failed with error code invalid_file_type - /var/www/topforum/wp-content/uploads/2022/05/client_8.webp - cannot be optimized, it has an invalid file type 
[2022-05-19 12:44:43 : INFO] - Processing task with ID : 13, and type 'smush' 
[2022-05-19 12:44:43 : INFO] - Re_Smush_It_Task - Attachment ID : 90, Started on : May 19, 2022 12:44:24 
[2022-05-19 12:44:43 : INFO] - 75 
[2022-05-19 12:44:46 : INFO] - Backing up the original image - 2022/05/client_l7-updraft-pre-smush-original.jpeg 
[2022-05-19 12:44:46 : INFO] - Re_Smush_It_Task - Attachment ID : 90, Started on : May 19, 2022 12:44:24 
[2022-05-19 12:44:46 : INFO] - 75 
[2022-05-19 12:44:48 : INFO] - Re_Smush_It_Task - Attachment ID : 90, Started on : May 19, 2022 12:44:24 
[2022-05-19 12:44:48 : INFO] - 75 
[2022-05-19 12:44:49 : INFO] - Successfully optimized the image - /var/www/topforum/wp-content/uploads/2022/05/client_l7.jpeg.The file was compressed from 8.59 KB to 5.85 KB saving 31.93 percent using WP-Optimize 
[2022-05-19 12:44:49 : INFO] - Completed processing task with ID : 13, and type 'smush' 
[2022-05-19 12:44:49 : INFO] - Processing task with ID : 14, and type 'smush' 
[2022-05-19 12:44:49 : INFO] - Re_Smush_It_Task - Attachment ID : 91, Started on : May 19, 2022 12:44:24 
[2022-05-19 12:44:49 : INFO] - 75 
[2022-05-19 12:44:51 : INFO] - Backing up the original image - 2022/05/company_logo-updraft-pre-smush-original.png 
[2022-05-19 12:44:51 : INFO] - Re_Smush_It_Task - Attachment ID : 91, Started on : May 19, 2022 12:44:24 
[2022-05-19 12:44:51 : INFO] - 75 
[2022-05-19 12:44:51 : INFO] - Successfully optimized the image - /var/www/topforum/wp-content/uploads/2022/05/company_logo.png.The file was compressed from 52.49 KB to 23.00 KB saving 56.18 percent using WP-Optimize 
[2022-05-19 12:44:51 : INFO] - Completed processing task with ID : 14, and type 'smush' 
[2022-05-19 12:44:51 : INFO] - Processing task with ID : 15, and type 'smush' 
[2022-05-19 12:44:51 : INFO] - Re_Smush_It_Task - Attachment ID : 115, Started on : May 19, 2022 12:44:24 
[2022-05-19 12:44:51 : INFO] - 75 
[2022-05-19 12:44:54 : INFO] - Backing up the original image - 2022/05/converse_logo-updraft-pre-smush-original.png 
[2022-05-19 12:44:54 : INFO] - Re_Smush_It_Task - Attachment ID : 115, Started on : May 19, 2022 12:44:24 
[2022-05-19 12:44:54 : INFO] - 75 
[2022-05-19 12:44:54 : INFO] - Successfully optimized the image - /var/www/topforum/wp-content/uploads/2022/05/converse_logo.png.The file was compressed from 3.47 KB to 2.10 KB saving 39.54 percent using WP-Optimize 
[2022-05-19 12:44:54 : INFO] - Completed processing task with ID : 15, and type 'smush' 
[2022-05-19 12:44:54 : INFO] - Processing task with ID : 16, and type 'smush' 
[2022-05-19 12:44:54 : INFO] - Re_Smush_It_Task - Attachment ID : 116, Started on : May 19, 2022 12:44:25 
[2022-05-19 12:44:54 : INFO] - 75 
[2022-05-19 12:44:55 : INFO] - Backing up the original image - 2022/05/dove_logo-updraft-pre-smush-original.png 
[2022-05-19 12:44:55 : INFO] - Re_Smush_It_Task - Attachment ID : 116, Started on : May 19, 2022 12:44:25 
[2022-05-19 12:44:55 : INFO] - 75 
[2022-05-19 12:44:56 : INFO] - Successfully optimized the image - /var/www/topforum/wp-content/uploads/2022/05/dove_logo.png.The file was compressed from 13.46 KB to 5.88 KB saving 56.31 percent using WP-Optimize 
[2022-05-19 12:44:56 : INFO] - Completed processing task with ID : 16, and type 'smush' 
[2022-05-19 12:44:56 : INFO] - Processing task with ID : 17, and type 'smush' 
[2022-05-19 12:44:56 : INFO] - Re_Smush_It_Task - Attachment ID : 117, Started on : May 19, 2022 12:44:25 
[2022-05-19 12:44:56 : INFO] - 75 
[2022-05-19 12:44:58 : INFO] - Backing up the original image - 2022/05/kenzo_logo-updraft-pre-smush-original.png 
[2022-05-19 12:44:58 : INFO] - Re_Smush_It_Task - Attachment ID : 117, Started on : May 19, 2022 12:44:25 
[2022-05-19 12:44:58 : INFO] - 75 
[2022-05-19 12:44:59 : INFO] - Successfully optimized the image - /var/www/topforum/wp-content/uploads/2022/05/kenzo_logo.png.The file was compressed from 4.51 KB to 2.53 KB saving 43.95 percent using WP-Optimize 
[2022-05-19 12:44:59 : INFO] - Completed processing task with ID : 17, and type 'smush' 
[2022-05-19 12:44:59 : INFO] - Processing task with ID : 18, and type 'smush' 
[2022-05-19 12:44:59 : INFO] - Re_Smush_It_Task - Attachment ID : 118, Started on : May 19, 2022 12:44:25 
[2022-05-19 12:44:59 : INFO] - 75 
[2022-05-19 12:45:02 : INFO] - Backing up the original image - 2022/05/lacoste_logo-1-updraft-pre-smush-original.png 
[2022-05-19 12:45:02 : INFO] - Successfully optimized the image - /var/www/topforum/wp-content/uploads/2022/05/lacoste_logo-1.png.The file was compressed from 8.65 KB to 3.77 KB saving 56.4 percent using WP-Optimize 
[2022-05-19 12:45:02 : INFO] - Completed processing task with ID : 18, and type 'smush' 
[2022-05-19 12:45:02 : INFO] - Processing task with ID : 19, and type 'smush' 
[2022-05-19 12:45:02 : INFO] - Re_Smush_It_Task - Attachment ID : 119, Started on : May 19, 2022 12:44:25 
[2022-05-19 12:45:02 : INFO] - 75 
[2022-05-19 12:45:04 : INFO] - Backing up the original image - 2022/05/marmot_logo-updraft-pre-smush-original.png 
[2022-05-19 12:45:04 : INFO] - Re_Smush_It_Task - Attachment ID : 119, Started on : May 19, 2022 12:44:25 
[2022-05-19 12:45:04 : INFO] - 75 
[2022-05-19 12:45:06 : INFO] - Successfully optimized the image - /var/www/topforum/wp-content/uploads/2022/05/marmot_logo.png.The file was compressed from 9.31 KB to 4.64 KB saving 50.18 percent using WP-Optimize 
[2022-05-19 12:45:06 : INFO] - Completed processing task with ID : 19, and type 'smush' 
[2022-05-19 12:45:06 : INFO] - Processing task with ID : 20, and type 'smush' 
[2022-05-19 12:45:06 : INFO] - Re_Smush_It_Task - Attachment ID : 120, Started on : May 19, 2022 12:44:25 
[2022-05-19 12:45:06 : INFO] - 75 
[2022-05-19 12:45:07 : INFO] - Backing up the original image - 2022/05/reebok_logo-updraft-pre-smush-original.png 
[2022-05-19 12:45:07 : INFO] - Re_Smush_It_Task - Attachment ID : 120, Started on : May 19, 2022 12:44:25 
[2022-05-19 12:45:07 : INFO] - 75 
[2022-05-19 12:45:07 : INFO] - Successfully optimized the image - /var/www/topforum/wp-content/uploads/2022/05/reebok_logo.png.The file was compressed from 9.94 KB to 4.67 KB saving 53 percent using WP-Optimize 
[2022-05-19 12:45:07 : INFO] - Completed processing task with ID : 20, and type 'smush' 
[2022-05-19 12:45:07 : INFO] - Processing task with ID : 21, and type 'smush' 
[2022-05-19 12:45:07 : INFO] - Re_Smush_It_Task - Attachment ID : 132, Started on : May 19, 2022 12:44:25 
[2022-05-19 12:45:07 : INFO] - 75 
[2022-05-19 12:45:10 : INFO] - Backing up the original image - 2022/05/alexander-updraft-pre-smush-original.png 
[2022-05-19 12:45:10 : INFO] - Successfully optimized the image - /var/www/topforum/wp-content/uploads/2022/05/alexander.png.The file was compressed from 28.28 KB to 9.99 KB saving 64.68 percent using WP-Optimize 
[2022-05-19 12:45:10 : INFO] - Completed processing task with ID : 21, and type 'smush' 
[2022-05-19 12:45:10 : INFO] - Processing task with ID : 22, and type 'smush' 
[2022-05-19 12:45:10 : INFO] - Re_Smush_It_Task - Attachment ID : 133, Started on : May 19, 2022 12:44:25 
[2022-05-19 12:45:10 : INFO] - 75 
[2022-05-19 12:45:11 : INFO] - Backing up the original image - 2022/05/emily-updraft-pre-smush-original.png 
[2022-05-19 12:45:11 : INFO] - Successfully optimized the image - /var/www/topforum/wp-content/uploads/2022/05/emily.png.The file was compressed from 33.02 KB to 10.07 KB saving 69.5 percent using WP-Optimize 
[2022-05-19 12:45:11 : INFO] - Completed processing task with ID : 22, and type 'smush' 
[2022-05-19 12:45:11 : INFO] - Processing task with ID : 23, and type 'smush' 
[2022-05-19 12:45:11 : INFO] - Re_Smush_It_Task - Attachment ID : 134, Started on : May 19, 2022 12:44:25 
[2022-05-19 12:45:11 : INFO] - 75 
[2022-05-19 12:45:12 : INFO] - Backing up the original image - 2022/05/henry-updraft-pre-smush-original.png 
[2022-05-19 12:45:12 : INFO] - Successfully optimized the image - /var/www/topforum/wp-content/uploads/2022/05/henry.png.The file was compressed from 34.11 KB to 10.32 KB saving 69.74 percent using WP-Optimize 
[2022-05-19 12:45:12 : INFO] - Completed processing task with ID : 23, and type 'smush' 
[2022-05-19 12:45:12 : INFO] - Processing task with ID : 24, and type 'smush' 
[2022-05-19 12:45:12 : INFO] - Re_Smush_It_Task - Attachment ID : 135, Started on : May 19, 2022 12:44:25 
[2022-05-19 12:45:12 : INFO] - 75 
[2022-05-19 12:45:14 : INFO] - Backing up the original image - 2022/05/liam-updraft-pre-smush-original.png 
[2022-05-19 12:45:14 : INFO] - Successfully optimized the image - /var/www/topforum/wp-content/uploads/2022/05/liam.png.The file was compressed from 32.97 KB to 10.07 KB saving 69.46 percent using WP-Optimize 
[2022-05-19 12:45:14 : INFO] - Completed processing task with ID : 24, and type 'smush' 
[2022-05-19 12:45:14 : INFO] - Processing task with ID : 25, and type 'smush' 
[2022-05-19 12:45:14 : INFO] - Re_Smush_It_Task - Attachment ID : 136, Started on : May 19, 2022 12:44:25 
[2022-05-19 12:45:14 : INFO] - 75 
[2022-05-19 12:45:15 : INFO] - Backing up the original image - 2022/05/luke-updraft-pre-smush-original.png 
[2022-05-19 12:45:15 : INFO] - Successfully optimized the image - /var/www/topforum/wp-content/uploads/2022/05/luke.png.The file was compressed from 33.19 KB to 10.20 KB saving 69.26 percent using WP-Optimize 
[2022-05-19 12:45:15 : INFO] - Completed processing task with ID : 25, and type 'smush' 
[2022-05-19 12:45:15 : INFO] - Processing task with ID : 26, and type 'smush' 
[2022-05-19 12:45:15 : INFO] - Re_Smush_It_Task - Attachment ID : 137, Started on : May 19, 2022 12:44:25 
[2022-05-19 12:45:15 : INFO] - 75 
[2022-05-19 12:45:15 : INFO] - Backing up the original image - 2022/05/olivia-1-updraft-pre-smush-original.png 
[2022-05-19 12:45:15 : INFO] - Successfully optimized the image - /var/www/topforum/wp-content/uploads/2022/05/olivia-1.png.The file was compressed from 29.88 KB to 10.89 KB saving 63.55 percent using WP-Optimize 
[2022-05-19 12:45:15 : INFO] - Completed processing task with ID : 26, and type 'smush' 
[2022-05-19 12:45:15 : INFO] - Processing task with ID : 27, and type 'smush' 
[2022-05-19 12:45:15 : INFO] - Re_Smush_It_Task - Attachment ID : 138, Started on : May 19, 2022 12:44:25 
[2022-05-19 12:45:15 : INFO] - 75 
[2022-05-19 12:45:18 : INFO] - Backing up the original image - 2022/05/ryan-1-updraft-pre-smush-original.png 
[2022-05-19 12:45:18 : INFO] - Successfully optimized the image - /var/www/topforum/wp-content/uploads/2022/05/ryan-1.png.The file was compressed from 28.50 KB to 10.04 KB saving 64.79 percent using WP-Optimize 
[2022-05-19 12:45:18 : INFO] - Completed processing task with ID : 27, and type 'smush' 
[2022-05-19 12:45:18 : INFO] - Processing task with ID : 28, and type 'smush' 
[2022-05-19 12:45:18 : INFO] - Re_Smush_It_Task - Attachment ID : 144, Started on : May 19, 2022 12:44:25 
[2022-05-19 12:45:18 : INFO] - 75 
[2022-05-19 12:45:21 : INFO] - Backing up the original image - 2022/05/article_1-updraft-pre-smush-original.png 
[2022-05-19 12:45:21 : INFO] - Re_Smush_It_Task - Attachment ID : 144, Started on : May 19, 2022 12:44:25 
[2022-05-19 12:45:21 : INFO] - 75 
[2022-05-19 12:45:22 : INFO] - Re_Smush_It_Task - Attachment ID : 144, Started on : May 19, 2022 12:44:25 
[2022-05-19 12:45:22 : INFO] - 75 
[2022-05-19 12:45:22 : INFO] - Successfully optimized the image - /var/www/topforum/wp-content/uploads/2022/05/article_1.png.The file was compressed from 162.17 KB to 67.25 KB saving 58.53 percent using WP-Optimize 
[2022-05-19 12:45:22 : INFO] - Completed processing task with ID : 28, and type 'smush' 
[2022-05-19 12:45:22 : INFO] - Processing task with ID : 29, and type 'smush' 
[2022-05-19 12:45:22 : INFO] - Re_Smush_It_Task - Attachment ID : 145, Started on : May 19, 2022 12:44:26 
[2022-05-19 12:45:22 : INFO] - 75 
[2022-05-19 12:45:23 : INFO] - 
 
[2022-05-19 12:45:23 : INFO] - Header for logs at time:  Thu, 19 May 2022 12:45:23 +0000 on http://topforum.loc 
[2022-05-19 12:45:23 : INFO] - WP: 5.9.3 
[2022-05-19 12:45:23 : INFO] - PHP: 7.4.3 (apache2handler, Linux brassy-Legion-5-17ACH6 5.13.0-41-generic #46~20.04.1-Ubuntu SMP Wed Apr 20 13:16:21 UTC 2022 x86_64) 
[2022-05-19 12:45:23 : INFO] - MySQL: 8.0.29 
[2022-05-19 12:45:23 : INFO] - WPLANG: en_US 
[2022-05-19 12:45:23 : INFO] - Server: Apache/2.4.41 (Ubuntu) 
[2022-05-19 12:45:23 : INFO] - Outbound connections: N 
[2022-05-19 12:45:23 : INFO] - safe_mode: 0 
[2022-05-19 12:45:23 : INFO] - max_execution_time: 30 
[2022-05-19 12:45:23 : INFO] - memory_limit: 128M (used: 6.2M | 4M) 
[2022-05-19 12:45:23 : INFO] - multisite: N 
[2022-05-19 12:45:23 : INFO] - openssl: OpenSSL 1.1.1f  31 Mar 2020 
[2022-05-19 12:45:23 : INFO] - A total of 5 tasks of type smush found and will be processed in this iteration 
[2022-05-19 12:45:23 : DEBUG] - Lock option (updraft_lock_smush, wp_options) already existed in the database 
[2022-05-19 12:45:23 : INFO] - Lock (updraft_lock_smush, wp_options) could not be acquired (it is locked) 
[2022-05-19 12:45:23 : INFO] - Failed to gain semaphore lock (smush) - another process is already processing the queue - aborting (if this is wrong - i.e. if the other process crashed without removing the lock, then another can be started after 1 minute 
[2022-05-19 12:45:25 : INFO] - Backing up the original image - 2022/05/article_2-updraft-pre-smush-original.png 
[2022-05-19 12:45:25 : INFO] - Re_Smush_It_Task - Attachment ID : 145, Started on : May 19, 2022 12:44:26 
[2022-05-19 12:45:25 : INFO] - 75 
[2022-05-19 12:45:26 : INFO] - Re_Smush_It_Task - Attachment ID : 145, Started on : May 19, 2022 12:44:26 
[2022-05-19 12:45:26 : INFO] - 75 
[2022-05-19 12:45:26 : INFO] - Successfully optimized the image - /var/www/topforum/wp-content/uploads/2022/05/article_2.png.The file was compressed from 52.47 KB to 43.72 KB saving 16.67 percent using WP-Optimize 
[2022-05-19 12:45:26 : INFO] - Completed processing task with ID : 29, and type 'smush' 
[2022-05-19 12:45:26 : INFO] - Processing task with ID : 30, and type 'smush' 
[2022-05-19 12:45:26 : INFO] - Re_Smush_It_Task - Attachment ID : 146, Started on : May 19, 2022 12:44:26 
[2022-05-19 12:45:26 : INFO] - 75 
[2022-05-19 12:45:27 : INFO] - Backing up the original image - 2022/05/article_3-updraft-pre-smush-original.png 
[2022-05-19 12:45:27 : INFO] - Re_Smush_It_Task - Attachment ID : 146, Started on : May 19, 2022 12:44:26 
[2022-05-19 12:45:27 : INFO] - 75 
[2022-05-19 12:45:30 : INFO] - Re_Smush_It_Task - Attachment ID : 146, Started on : May 19, 2022 12:44:26 
[2022-05-19 12:45:30 : INFO] - 75 
[2022-05-19 12:45:33 : INFO] - Successfully optimized the image - /var/www/topforum/wp-content/uploads/2022/05/article_3.png.The file was compressed from 94.73 KB to 36.20 KB saving 61.79 percent using WP-Optimize 
[2022-05-19 12:45:33 : INFO] - Completed processing task with ID : 30, and type 'smush' 
[2022-05-19 12:45:33 : INFO] - Processing task with ID : 31, and type 'smush' 
[2022-05-19 12:45:33 : INFO] - Re_Smush_It_Task - Attachment ID : 147, Started on : May 19, 2022 12:44:26 
[2022-05-19 12:45:33 : INFO] - 75 
[2022-05-19 12:45:37 : INFO] - Backing up the original image - 2022/05/article_4-updraft-pre-smush-original.png 
[2022-05-19 12:45:37 : INFO] - Re_Smush_It_Task - Attachment ID : 147, Started on : May 19, 2022 12:44:26 
[2022-05-19 12:45:37 : INFO] - 75 
[2022-05-19 12:45:40 : INFO] - Re_Smush_It_Task - Attachment ID : 147, Started on : May 19, 2022 12:44:26 
[2022-05-19 12:45:40 : INFO] - 75 
[2022-05-19 12:45:43 : INFO] - Successfully optimized the image - /var/www/topforum/wp-content/uploads/2022/05/article_4.png.The file was compressed from 97.71 KB to 45.24 KB saving 53.7 percent using WP-Optimize 
[2022-05-19 12:45:43 : INFO] - Completed processing task with ID : 31, and type 'smush' 
[2022-05-19 12:45:43 : INFO] - Processing task with ID : 32, and type 'smush' 
[2022-05-19 12:45:43 : INFO] - Re_Smush_It_Task - Attachment ID : 148, Started on : May 19, 2022 12:44:26 
[2022-05-19 12:45:43 : INFO] - 75 
[2022-05-19 12:45:43 : INFO] - Backing up the original image - 2022/05/article_5-updraft-pre-smush-original.png 
[2022-05-19 12:45:43 : INFO] - Re_Smush_It_Task - Attachment ID : 148, Started on : May 19, 2022 12:44:26 
[2022-05-19 12:45:43 : INFO] - 75 
[2022-05-19 12:45:45 : INFO] - Re_Smush_It_Task - Attachment ID : 148, Started on : May 19, 2022 12:44:26 
[2022-05-19 12:45:45 : INFO] - 75 
[2022-05-19 12:45:46 : INFO] - Successfully optimized the image - /var/www/topforum/wp-content/uploads/2022/05/article_5.png.The file was compressed from 32.02 KB to 15.13 KB saving 52.75 percent using WP-Optimize 
[2022-05-19 12:45:46 : INFO] - Completed processing task with ID : 32, and type 'smush' 
[2022-05-19 12:45:46 : INFO] - Processing task with ID : 33, and type 'smush' 
[2022-05-19 12:45:46 : INFO] - Re_Smush_It_Task - Attachment ID : 149, Started on : May 19, 2022 12:44:26 
[2022-05-19 12:45:46 : INFO] - 75 
[2022-05-19 12:45:47 : INFO] - Backing up the original image - 2022/05/article_6-updraft-pre-smush-original.png 
[2022-05-19 12:45:47 : INFO] - Re_Smush_It_Task - Attachment ID : 149, Started on : May 19, 2022 12:44:26 
[2022-05-19 12:45:47 : INFO] - 75 
[2022-05-19 12:45:50 : INFO] - Re_Smush_It_Task - Attachment ID : 149, Started on : May 19, 2022 12:44:26 
[2022-05-19 12:45:50 : INFO] - 75 
[2022-05-19 12:45:50 : INFO] - Successfully optimized the image - /var/www/topforum/wp-content/uploads/2022/05/article_6.png.The file was compressed from 131.37 KB to 42.28 KB saving 67.82 percent using WP-Optimize 
[2022-05-19 12:45:50 : INFO] - Completed processing task with ID : 33, and type 'smush' 
[2022-05-19 12:45:51 : INFO] - Lock option (updraft_lock_smush, wp_options) released 
[2022-05-19 12:45:51 : INFO] - Successfully processed the queue (smush). 33 tasks were processed out of 33. 
[2022-05-19 12:45:51 : INFO] - Lock option (updraft_lock_smush, wp_options) was deleted from the database 
[2022-05-19 12:45:51 : INFO] - Cleaning up tasks of type (smush). A total of 33 tasks will be deleted. 
